{
  "RSpec": {
    "coverage": {
      "/Users/bmac/workspace/collections/spec/features/canary_spec.rb": [
        1,
        null,
        1,
        1,
        1,
        null,
        null
      ],
      "/Users/bmac/workspace/collections/spec/feature_helper.rb": [
        1,
        1,
        1,
        1,
        null,
        1,
        1,
        1,
        1,
        1,
        null,
        1,
        null,
        null,
        null,
        1,
        1,
        null,
        null
      ],
      "/Users/bmac/workspace/collections/spec/rails_helper.rb": [
        1,
        1,
        1,
        1,
        null,
        3,
        1,
        null,
        1,
        1,
        1,
        1,
        null,
        1,
        1,
        null,
        null,
        1,
        1,
        null,
        null
      ],
      "/Users/bmac/workspace/collections/config/environment.rb": [
        null,
        1,
        null,
        null,
        1
      ],
      "/Users/bmac/workspace/collections/config/application.rb": [
        1,
        null,
        1,
        null,
        1,
        1,
        1,
        1,
        1,
        1,
        1,
        null,
        null,
        null,
        null,
        1,
        null,
        1,
        1,
        null,
        null,
        null,
        null,
        null,
        null,
        null,
        null,
        null,
        null,
        null,
        null,
        null,
        1,
        null,
        null
      ],
      "/Users/bmac/workspace/collections/config/boot.rb": [
        1,
        null,
        1
      ],
      "/Users/bmac/workspace/collections/config/environments/test.rb": [
        1,
        null,
        null,
        null,
        null,
        null,
        null,
        1,
        null,
        null,
        null,
        null,
        1,
        null,
        null,
        1,
        1,
        null,
        null,
        1,
        1,
        null,
        null,
        1,
        null,
        null,
        1,
        null,
        null,
        null,
        null,
        1,
        null,
        null,
        1,
        null,
        null,
        1,
        null,
        null,
        null,
        null
      ],
      "/Users/bmac/workspace/collections/config/initializers/assets.rb": [
        null,
        null,
        null,
        1,
        null,
        null,
        null,
        null,
        null,
        null,
        null
      ],
      "/Users/bmac/workspace/collections/config/initializers/backtrace_silencers.rb": [
        null,
        null,
        null,
        null,
        null,
        null,
        null
      ],
      "/Users/bmac/workspace/collections/config/initializers/cookies_serializer.rb": [
        null,
        null,
        1
      ],
      "/Users/bmac/workspace/collections/config/initializers/filter_parameter_logging.rb": [
        null,
        null,
        null,
        1
      ],
      "/Users/bmac/workspace/collections/config/initializers/inflections.rb": [
        null,
        null,
        null,
        null,
        null,
        null,
        null,
        null,
        null,
        null,
        null,
        null,
        null,
        null,
        null,
        null
      ],
      "/Users/bmac/workspace/collections/config/initializers/mime_types.rb": [
        null,
        null,
        null,
        null
      ],
      "/Users/bmac/workspace/collections/config/initializers/session_store.rb": [
        null,
        null,
        1
      ],
      "/Users/bmac/workspace/collections/config/initializers/wrap_parameters.rb": [
        null,
        null,
        null,
        null,
        null,
        null,
        1,
        1,
        null,
        null,
        null,
        null,
        null,
        null
      ],
      "/Users/bmac/workspace/collections/config/routes.rb": [
        1,
        null,
        null,
        null,
        null,
        null,
        null,
        null,
        null,
        null,
        null,
        null,
        null
      ],
      "/Users/bmac/workspace/collections/app/helpers/application_helper.rb": [
        null,
        1,
        null
      ],
      "/Users/bmac/workspace/collections/spec/support/request_helper.rb": [

      ],
      "/Users/bmac/workspace/collections/spec/support/session_test_helper.rb": [
        null,
        1,
        null,
        null,
        null,
        null,
        null,
        1,
        0,
        0,
        0,
        null,
        null
      ]
    },
    "timestamp": 1431989690
  }
}
